-----------------------------
Script run: 05/27/25 21:38:09.41
Updated on 05/27/25 at 21:38
Changing directory...
Running updatePartsData.exe...
Changing to parts directory...
Performing git operations...
warning: LF will be replaced by CRLF in resources/scripts/partsdata.js.
The file will have its original line endings in your working directory
[master 86e5de2] this is a temp commit
 1 file changed, 1 insertion(+), 1 deletion(-)
Switched to a new branch 'temp_branch'
[temp_branch (root-commit) a6e6f43] Updated on 05/27/25 at 21:38
 11 files changed, 846 insertions(+)
 create mode 100644 README.md
 create mode 100644 index.html
 create mode 100644 resources/images/Magnifying_glass_icon.svg
 create mode 100644 resources/images/Quickway.png
 create mode 100644 resources/images/Thumbs.db
 create mode 100644 resources/images/back.png
 create mode 100644 resources/images/parts.jpg
 create mode 100644 resources/images/parts.png
 create mode 100644 resources/scripts/index.js
 create mode 100644 resources/scripts/partsdata.js
 create mode 100644 resources/styles/styles.css
Deleted branch master (was 86e5de2).
To https://github.com/quickwayelectric/parts.git
 + 3bbb582...a6e6f43 master -> master (forced update)
Script completed.
